<?xml version="1.0" encoding="utf-8"?><testsuites name="pytest tests"><testsuite name="pytest" errors="0" failures="1" skipped="0" tests="20" time="4.088" timestamp="2026-05-24T13:27:25.600636+00:00" hostname="agent-env-51a1804f-10b4-4b5a-952a-31f504242111"><testcase classname="backend.tests.backend_test.TestPublic" name="test_root_alive" time="0.270" /><testcase classname="backend.tests.backend_test.TestPublic" name="test_contact_submit" time="0.054" /><testcase classname="backend.tests.backend_test.TestPublic" name="test_contact_invalid_email_422" time="0.051" /><testcase classname="backend.tests.backend_test.TestPublic" name="test_newsletter_subscribe" time="0.051" /><testcase classname="backend.tests.backend_test.TestPublic" name="test_newsletter_duplicate_idempotent" time="0.097" /><testcase classname="backend.tests.backend_test.TestPublic" name="test_projects_seeded" time="0.060" /><testcase classname="backend.tests.backend_test.TestAuth" name="test_login_success_sets_cookies" time="0.344" /><testcase classname="backend.tests.backend_test.TestAuth" name="test_me_with_bearer" time="0.386" /><testcase classname="backend.tests.backend_test.TestAuth" name="test_me_unauthenticated_401" time="0.119" /><testcase classname="backend.tests.backend_test.TestAuth" name="test_refresh_token" time="0.378" /><testcase classname="backend.tests.backend_test.TestAuth" name="test_logout_clears_cookies" time="0.461" /><testcase classname="backend.tests.backend_test.TestBruteForce" name="test_wrong_password_then_lockout" time="0.594"><failure message="AssertionError: Expected 429 lockout, got [401, 401, 401, 401, 401, 401]&#10;assert 429 in [401, 401, 401, 401, 401, 401]">backend/tests/backend_test.py:156: in test_wrong_password_then_lockout
    assert 429 in statuses, f"Expected 429 lockout, got {statuses}"
E   AssertionError: Expected 429 lockout, got [401, 401, 401, 401, 401, 401]
E   assert 429 in [401, 401, 401, 401, 401, 401]</failure></testcase><testcase classname="backend.tests.backend_test.TestAdminAuth" name="test_admin_contacts_unauth_401" time="0.113" /><testcase classname="backend.tests.backend_test.TestAdminAuth" name="test_admin_newsletter_unauth_401" time="0.099" /><testcase classname="backend.tests.backend_test.TestAdminAuth" name="test_admin_projects_unauth_401" time="0.098" /><testcase classname="backend.tests.backend_test.TestAdminAuth" name="test_admin_contacts_authed" time="0.060" /><testcase classname="backend.tests.backend_test.TestAdminAuth" name="test_admin_newsletter_authed" time="0.056" /><testcase classname="backend.tests.backend_test.TestAdminAuth" name="test_admin_projects_authed" time="0.060" /><testcase classname="backend.tests.backend_test.TestAdminProjectCRUD" name="test_create_update_delete_project" time="0.271" /><testcase classname="backend.tests.backend_test.TestAdminContactOps" name="test_mark_read_and_delete" time="0.261" /></testsuite></testsuites>